[dotenv@17.3.1] injecting env (21) from .env.local -- tip: ⚙️  suppress all logs with { quiet: true }

🌐 Scraping: https://hatchesup.co.uk/find-food/?when=7days
   ℹ️  2 HG trucks + 124 public discovery trucks
   📄 7406 chars of schedule text
   🖼️  294 img candidates
   🔗 200 ordering links found on page

🤖 Extracting schedule events...
   ✅ 99 events extracted

🔗 Finding order URLs and scraping menus for 62 trucks...
   🍕 Ling Ling's Steam Kitchen — scraping https://linglingssteamkitchen.hatchesup.app/basket ... ✓ (832 chars) → https://linglingssteamkitchen.hatchesup.app/basket
   ⏳ Waiting 5 min before next truck... (13:27:14)
   🍕 Pizza Mondo — scraping https://pizza-mondo.co.uk ... ✓ (3469 chars) → https://pizza-mondo.co.uk
   ⏳ Waiting 5 min before next truck... (13:32:24)
   🍕 Steak & Honour — scraping https://steakandhonour.hatchesup.app/basket ... ✓ (1389 chars) → https://steakandhonour.hatchesup.app/basket
   ⏳ Waiting 5 min before next truck... (13:37:36)
   🍕 Azahar — scraping https://azahar.hatchesup.app/basket ... ✓ (1949 chars) → https://azahar.hatchesup.app/basket
   ⏳ Waiting 5 min before next truck... (13:42:51)
   🍕 Rotisseroll — scraping https://rotisseroll.hatchesup.app/basket ... ✓ (2310 chars) → https://rotisseroll.hatchesup.app/basket
   ⏳ Waiting 5 min before next truck... (13:48:03)
   🍕 Buffalo Joe's — scraping https://buffalojoes.hatchesup.app ... ✗ (Connection closed.)
   ⏳ Waiting 5 min before next truck... (14:53:30)
   🍕 Pimp My Fish — scraping https://www.pimp-my-fish.co.uk/menu ... ✗ (Connection closed.)
   ⏳ Waiting 5 min before next truck... (14:58:30)
   🍕 Kerief Catering Ltd — scraping https://keriefcateringltd.hatchesup.app ... ✗ (Connection closed.)
   ⏳ Waiting 5 min before next truck... (15:03:31)
   🍕 Bonnefirebox — scraping https://bonnefirebox.hatchesup.app ... ✗ (Connection closed.)
   ⏳ Waiting 5 min before next truck... (15:08:33)
   🍕 The Angry Seagull Fish + Chips — scraping https://theangryseagullfishchips.hatchesup.app ... ✗ (Connection closed.)
   ⏳ Waiting 5 min before next truck... (15:14:22)
   🍕 The Purple Pepper — scraping https://thepurplepepper.hatchesup.app ... ✗ (Connection closed.)
   ⏳ Waiting 5 min before next truck... (15:19:22)
   🍕 Between Buns Royston — scraping https://betweenbunsroyston.hatchesup.app ... ✗ (Connection closed.)
   ⏳ Waiting 5 min before next truck... (15:24:23)
   🍕 Optio Pizza — scraping https://optiopizza.hatchesup.app ... ✗ (Connection closed.)
   ⏳ Waiting 5 min before next truck... (15:29:23)
   🍕 Your Burger Zone — scraping https://yourburgerzone.hatchesup.app/basket/new ... ✗ (Connection closed.)
   ⏳ Waiting 5 min before next truck... (15:34:23)
   🍕 Il Peperone Piccante — scraping https://ilpeperonepiccante.hatchesup.app ... ✗ (Connection closed.)
   ⏳ Waiting 5 min before next truck... (15:39:23)
   🍕 MumTas — scraping https://mumtas.hatchesup.app ... ✗ (Connection closed.)
   ⏳ Waiting 5 min before next truck... (15:44:23)
   🍕 La Biga Pizzeria — scraping https://labigapizzeria.hatchesup.app ... ✗ (Connection closed.)
   ⏳ Waiting 5 min before next truck... (15:49:24)
   🍕 Holy Loaded — scraping https://holyloaded.co.uk/menu.htm ... ✗ (Connection closed.)
   ⏳ Waiting 5 min before next truck... (15:54:24)
   🍕 Sanjeev's Kitchen — scraping https://ethnysd.wixsite.com/sri-lankan-food-by-s/menu ... ✗ (Connection closed.)
   ⏳ Waiting 5 min before next truck... (15:59:24)
   🍕 BB Pizza — scraping https://bbpizza.hatchesup.app ... ✗ (Connection closed.)
   ⏳ Waiting 5 min before next truck... (16:04:24)
   🍕 Taco Banditos — scraping https://tacobanditos.hatchesup.app ... ✗ (Connection closed.)
   ⏳ Waiting 5 min before next truck... (16:09:24)
   🍕 Elder Street Food — scraping https://elderstreetfood.hatchesup.app ... ✗ (Connection closed.)
   ⏳ Waiting 5 min before next truck... (16:14:24)
   🍕 Tamashi Asian Soul Food — scraping https://tamashiasiansoulfood.hatchesup.app ... ✗ (Connection closed.)
   ⏳ Waiting 5 min before next truck... (16:19:25)
   🍕 Pecoro On The Road — scraping https://pecoroontheroad.hatchesup.app ... ✗ (Connection closed.)
   ⏳ Waiting 5 min before next truck... (16:24:26)
   🍕 Peaky Pizzas — scraping https://peakypizzas.hatchesup.app ... ✗ (Connection closed.)
   ⏳ Waiting 5 min before next truck... (16:29:26)
   🍕 The Loaded Mac Shack — scraping https://theloadedmacshack.hatchesup.app ... ✗ (Connection closed.)
   ⏳ Waiting 5 min before next truck... (16:34:26)
   🍕 Chim Chim Thai — scraping https://chimchimthai.hatchesup.app ... ✗ (Connection closed.)
   ⏳ Waiting 5 min before next truck... (16:39:26)
   🍕 The Wood Oven — scraping https://thewoodoven.hatchesup.app ... ✗ (Connection closed.)
   ⏳ Waiting 5 min before next truck... (16:44:27)
   🍕 Charlie's Chippy — scraping https://charlieschippy.hatchesup.app ... ✗ (Connection closed.)
   ⏳ Waiting 5 min before next truck... (16:49:27)
   🍕 Askers Pizza — scraping https://askerspizza.hatchesup.app ... ✗ (Connection closed.)
   ⏳ Waiting 5 min before next truck... (16:54:27)
   🍕 Hyderabadi Dhaba — scraping https://hyderabadidhaba.hatchesup.app ... ✗ (Connection closed.)
   ⏳ Waiting 5 min before next truck... (16:59:28)
   🍕 The Little Pizza Oven — scraping https://www.thelittlepizzaoven.co.uk/menu/ ... ✗ (Connection closed.)
   ⏳ Waiting 5 min before next truck... (17:04:28)
   🍕 All Fired Up Pizza — scraping https://allfireduppizza.hatchesup.app ... ✗ (Connection closed.)
   ⏳ Waiting 5 min before next truck... (17:09:28)
   ⏭️  The Bagel Queen — no order URL found
   🍕 Phil's Pizza — scraping https://philspizza.hatchesup.app ... ✗ (Connection closed.)
   ⏳ Waiting 5 min before next truck... (17:36:11)
   🍕 Cambridge Crepes — scraping https://cambridgecrepes.hatchesup.app ... ✗ (Connection closed.)
   ⏳ Waiting 5 min before next truck... (17:47:49)
   🍕 Grab A Burger — scraping https://www.facebook.com/photo/?fbid=952243770654411&set=pb.100076063910759.-2207520000 ... ✗ (Connection closed.)
   ⏳ Waiting 5 min before next truck... (17:58:47)
   🍕 The Kentucky Cookout — scraping https://thekentuckycookout.hatchesup.app ... ✗ (Connection closed.)
   ⏳ Waiting 5 min before next truck... (18:03:48)
   🍕 Zaket Potato — scraping https://zaketpotato.co.uk/index.html#menu ... ✗ (Connection closed.)
   ⏳ Waiting 5 min before next truck... (18:13:35)
   🍕 Yellow Door Eats — scraping https://yellowdooreats.hatchesup.app ... ✗ (Connection closed.)
   ⏳ Waiting 5 min before next truck... (18:19:14)
   🍕 Al Chile — scraping https://alchile.hatchesup.app ... ✗ (Connection closed.)
   ⏳ Waiting 5 min before next truck... (18:26:58)
   🍕 Saffron Hill Food — scraping https://saffronhillfood.hatchesup.app ... ✗ (Connection closed.)
   ⏳ Waiting 5 min before next truck... (19:38:00)
   🍕 Smother Spudders — scraping https://smotherspudders.hatchesup.app ... ✗ (Connection closed.)
   ⏳ Waiting 5 min before next truck... (19:55:24)
   🍕 Taste of Cambridge — scraping https://tasteofcambridge.hatchesup.app ... ✗ (Connection closed.)
   ⏳ Waiting 5 min before next truck... (20:04:53)
   🍕 Boomting Pizza — scraping https://boomtingpizza.hatchesup.app ... ✗ (Connection closed.)
   ⏳ Waiting 5 min before next truck... (20:40:01)
   🍕 Power Crust Pizza — scraping https://powercrustpizza.hatchesup.app ... ✗ (Connection closed.)
   ⏳ Waiting 5 min before next truck... (20:48:09)
   🍕 Gurkha Street Food — scraping https://gurkhastreetfood.hatchesup.app ... ✗ (Connection closed.)
   ⏳ Waiting 5 min before next truck... (21:00:06)
   🍕 Smash and Grab — scraping https://smashandgrab.hatchesup.app ... ✗ (Connection closed.)
   ⏳ Waiting 5 min before next truck... (21:06:04)
   🍕 La Piazza Street Food — scraping https://lapiazzastreetfood.hatchesup.app ... ✗ (Connection closed.)
   ⏳ Waiting 5 min before next truck... (21:21:56)
   ℹ️  Pizzeria Gusto — already has 3 menu categories, storing URL only
   🍕 East Coast Pizza Company — scraping https://eastcoastpizzacompany.hatchesup.app ... ✗ (Connection closed.)
   ⏳ Waiting 5 min before next truck... (21:37:35)
   🍕 Maya Street Food — scraping https://mayastreetfood.hatchesup.app ... ✗ (Connection closed.)
   ⏳ Waiting 5 min before next truck... (21:43:16)
   🍕 Santinas Pizza — scraping https://santinaspizza.hatchesup.app ... ✗ (Connection closed.)
   ⏳ Waiting 5 min before next truck... (22:01:52)
   🍕 So Solid Sando — scraping https://sosolidsando.hatchesup.app ... ✗ (Connection closed.)
   ⏳ Waiting 5 min before next truck... (22:07:09)
   🍕 The Rub BBQ — scraping https://therubbbq.hatchesup.app ... ✗ (Connection closed.)
   ⏳ Waiting 5 min before next truck... (22:41:22)
   🍕 Dirty Fryer Boys — scraping https://dirtyfryerboys.hatchesup.app ... ✗ (Connection closed.)
   ⏳ Waiting 5 min before next truck... (22:57:50)
   🍕 Bad Boi Burritos — scraping https://badboiburritos.hatchesup.app ... ✗ (Connection closed.)
   ⏳ Waiting 5 min before next truck... (23:07:50)
   🍕 Ovencraft Pizza — scraping https://ovencraftpizza.hatchesup.app ... ✗ (Connection closed.)
   ⏳ Waiting 5 min before next truck... (23:12:50)
   🍕 Churros Bar — scraping https://churrosbar.hatchesup.app ... ✗ (Connection closed.)
   ⏳ Waiting 5 min before next truck... (23:24:12)
   🍕 Nomadough — scraping https://www.nomadough.co.uk/ourfood ... ✗ (Connection closed.)
   ⏳ Waiting 5 min before next truck... (23:30:20)
   ⏭️  Fully Loaded Fries — no order URL found
   🍕 The Pizza Pod — scraping https://thepizzapod.hatchesup.app ... ✗ (Connection closed.)

   🖼️  Logos matched for 62/62 trucks

🚚 Processing trucks...
   🖼️  Kerief Catering Ltd — uploading logo... ✓
   🖼️  The Angry Seagull Fish + Chips — uploading logo... ✓
   🖼️  Between Buns Royston — uploading logo... ✓
   🖼️  Optio Pizza — uploading logo... ✓
   🖼️  Il Peperone Piccante — uploading logo... ✓
   🖼️  MumTas — uploading logo... ✓
   🖼️  La Biga Pizzeria — uploading logo... ✓
   🖼️  Taco Banditos — uploading logo... ✓
   🖼️  Tamashi Asian Soul Food — uploading logo... ✓
   🖼️  Pecoro On The Road — uploading logo... ✓
   🖼️  Peaky Pizzas — uploading logo... ✓
   🖼️  The Loaded Mac Shack — uploading logo... ✓
   🖼️  Chim Chim Thai — uploading logo... ✓
   🖼️  The Wood Oven — uploading logo... ✓
   🖼️  Charlie's Chippy — uploading logo... ✓
   🖼️  Askers Pizza — uploading logo... ✓
   🖼️  Hyderabadi Dhaba — uploading logo... ✓
   🖼️  All Fired Up Pizza — uploading logo... ✓
   🖼️  The Bagel Queen — uploading logo... ✓
   🖼️  Phil's Pizza — uploading logo... ✓
   🖼️  Cambridge Crepes — uploading logo... ✓
   🖼️  The Kentucky Cookout — uploading logo... ✓
   🖼️  Yellow Door Eats — uploading logo... ✓
   🖼️  Al Chile — uploading logo... ✓
   🖼️  Saffron Hill Food — uploading logo... ✓
   🖼️  Taste of Cambridge — uploading logo... ✓
   🖼️  Boomting Pizza — uploading logo... ✓
   🖼️  Power Crust Pizza — uploading logo... ✓
   🖼️  Gurkha Street Food — uploading logo... ✓
   🖼️  Smash and Grab — uploading logo... ✓
   🖼️  La Piazza Street Food — uploading logo... ✓
   🖼️  East Coast Pizza Company — uploading logo... ✓
   🖼️  Maya Street Food — uploading logo... ✓
   🖼️  Santinas Pizza — uploading logo... ✓
   🖼️  So Solid Sando — uploading logo... ✓
   🖼️  The Rub BBQ — uploading logo... ✓
   🖼️  Dirty Fryer Boys — uploading logo...       logo fetch error: The operation was aborted due to timeout
✗
   🖼️  Bad Boi Burritos — uploading logo... ✓
   🖼️  Ovencraft Pizza — uploading logo... ✓
   🖼️  Churros Bar — uploading logo... ✓
   🖼️  Fully Loaded Fries — uploading logo... ✓
   🖼️  The Pizza Pod — uploading logo... ✓

💾 Writing 99 events...

✅ Import complete
   🌍 35 public events / 🚫 64 hidden events
   🚚 40 trucks added as hidden
   🖼️  41 logos uploaded to storage
   🍕 0 truck menus imported to menu_categories/menu_items_db
   🔗 60 order URLs stored in discovery_trucks
